{"C:\\Proyectos\\TESTS\\reviewMovies\\src\\index.ts": {"path":"C:\\Proyectos\\TESTS\\reviewMovies\\src\\index.ts","statementMap":{"0":{"start":{"line":1,"column":0},"end":{"line":1,"column":66}},"1":{"start":{"line":2,"column":0},"end":{"line":2,"column":23}},"2":{"start":{"line":3,"column":0},"end":{"line":3,"column":35}},"3":{"start":{"line":4,"column":0},"end":{"line":4,"column":46}},"4":{"start":{"line":6,"column":0},"end":{"line":6,"column":27}},"5":{"start":{"line":8,"column":13},"end":{"line":8,"column":37}},"6":{"start":{"line":10,"column":12},"end":{"line":10,"column":21}},"7":{"start":{"line":11,"column":0},"end":{"line":11,"column":12}},"8":{"start":{"line":12,"column":0},"end":{"line":12,"column":16}},"9":{"start":{"line":13,"column":0},"end":{"line":13,"column":24}},"10":{"start":{"line":14,"column":0},"end":{"line":14,"column":16}},"11":{"start":{"line":16,"column":0},"end":{"line":18,"column":3}},"12":{"start":{"line":17,"column":4},"end":{"line":17,"column":34}},"13":{"start":{"line":20,"column":0},"end":{"line":22,"column":3}},"14":{"start":{"line":21,"column":4},"end":{"line":21,"column":52}},"15":{"start":{"line":24,"column":0},"end":{"line":24,"column":19}}},"fnMap":{"0":{"name":"(anonymous_1)","decl":{"start":{"line":16,"column":13},"end":{"line":16,"column":14}},"loc":{"start":{"line":16,"column":71},"end":{"line":18,"column":1}}},"1":{"name":"(anonymous_2)","decl":{"start":{"line":20,"column":17},"end":{"line":20,"column":20}},"loc":{"start":{"line":20,"column":22},"end":{"line":22,"column":1}}}},"branchMap":{"0":{"loc":{"start":{"line":8,"column":13},"end":{"line":8,"column":37}},"type":"binary-expr","locations":[{"start":{"line":8,"column":13},"end":{"line":8,"column":29}},{"start":{"line":8,"column":33},"end":{"line":8,"column":37}}]}},"s":{"0":1,"1":1,"2":1,"3":1,"4":1,"5":1,"6":1,"7":1,"8":1,"9":1,"10":1,"11":1,"12":1,"13":1,"14":1,"15":1},"f":{"0":1,"1":1},"b":{"0":[1,0]}}
,"C:\\Proyectos\\TESTS\\reviewMovies\\src\\type.ts": {"path":"C:\\Proyectos\\TESTS\\reviewMovies\\src\\type.ts","statementMap":{"0":{"start":{"line":42,"column":0},"end":{"line":42,"column":18}},"1":{"start":{"line":42,"column":18},"end":{"line":42,"column":35}},"2":{"start":{"line":42,"column":35},"end":{"line":42,"column":55}},"3":{"start":{"line":52,"column":0},"end":{"line":52,"column":21}},"4":{"start":{"line":52,"column":21},"end":{"line":52,"column":46}},"5":{"start":{"line":52,"column":46},"end":{"line":52,"column":68}}},"fnMap":{"0":{"name":"(anonymous_0)","decl":{"start":{"line":42,"column":0},"end":{"line":42,"column":12}},"loc":{"start":{"line":42,"column":15},"end":{"line":42,"column":56}}},"1":{"name":"(anonymous_1)","decl":{"start":{"line":52,"column":0},"end":{"line":52,"column":12}},"loc":{"start":{"line":52,"column":18},"end":{"line":52,"column":69}}}},"branchMap":{"0":{"loc":{"start":{"line":42,"column":12},"end":{"line":42,"column":18}},"type":"binary-expr","locations":[{"start":{"line":42,"column":12},"end":{"line":42,"column":15}},{"start":{"line":42,"column":12},"end":{"line":42,"column":18}}]},"1":{"loc":{"start":{"line":52,"column":12},"end":{"line":52,"column":21}},"type":"binary-expr","locations":[{"start":{"line":52,"column":12},"end":{"line":52,"column":18}},{"start":{"line":52,"column":12},"end":{"line":52,"column":21}}]}},"s":{"0":1,"1":1,"2":1,"3":1,"4":1,"5":1},"f":{"0":1,"1":1},"b":{"0":[1,1],"1":[1,1]}}
,"C:\\Proyectos\\TESTS\\reviewMovies\\src\\config\\database.ts": {"path":"C:\\Proyectos\\TESTS\\reviewMovies\\src\\config\\database.ts","statementMap":{"0":{"start":{"line":1,"column":0},"end":{"line":1,"column":31}},"1":{"start":{"line":2,"column":0},"end":{"line":2,"column":27}},"2":{"start":{"line":4,"column":25},"end":{"line":12,"column":1}},"3":{"start":{"line":5,"column":4},"end":{"line":11,"column":null}},"4":{"start":{"line":6,"column":8},"end":{"line":6,"column":43}},"5":{"start":{"line":7,"column":8},"end":{"line":7,"column":53}},"6":{"start":{"line":8,"column":8},"end":{"line":8,"column":null}},"7":{"start":{"line":10,"column":8},"end":{"line":10,"column":null}},"8":{"start":{"line":4,"column":13},"end":{"line":4,"column":25}}},"fnMap":{"0":{"name":"(anonymous_1)","decl":{"start":{"line":4,"column":25},"end":{"line":4,"column":28}},"loc":{"start":{"line":4,"column":30},"end":{"line":12,"column":1}}}},"branchMap":{"0":{"loc":{"start":{"line":7,"column":25},"end":{"line":7,"column":51}},"type":"binary-expr","locations":[{"start":{"line":7,"column":25},"end":{"line":7,"column":45}},{"start":{"line":7,"column":49},"end":{"line":7,"column":51}}]}},"s":{"0":1,"1":1,"2":1,"3":1,"4":1,"5":1,"6":1,"7":0,"8":1},"f":{"0":1},"b":{"0":[1,0]}}
,"C:\\Proyectos\\TESTS\\reviewMovies\\src\\controllers\\admin.ts": {"path":"C:\\Proyectos\\TESTS\\reviewMovies\\src\\controllers\\admin.ts","statementMap":{"0":{"start":{"line":3,"column":0},"end":{"line":3,"column":120}},"1":{"start":{"line":4,"column":0},"end":{"line":4,"column":52}},"2":{"start":{"line":5,"column":0},"end":{"line":5,"column":52}},"3":{"start":{"line":7,"column":17},"end":{"line":25,"column":2}},"4":{"start":{"line":7,"column":58},"end":{"line":25,"column":2}},"5":{"start":{"line":8,"column":2},"end":{"line":24,"column":null}},"6":{"start":{"line":9,"column":23},"end":{"line":9,"column":33}},"7":{"start":{"line":10,"column":18},"end":{"line":10,"column":47}},"8":{"start":{"line":12,"column":16},"end":{"line":12,"column":34}},"9":{"start":{"line":13,"column":18},"end":{"line":13,"column":41}},"10":{"start":{"line":15,"column":43},"end":{"line":19,"column":6}},"11":{"start":{"line":21,"column":4},"end":{"line":21,"column":23}},"12":{"start":{"line":23,"column":4},"end":{"line":23,"column":39}},"13":{"start":{"line":87,"column":9},"end":{"line":87,"column":17}},"14":{"start":{"line":27,"column":20},"end":{"line":45,"column":2}},"15":{"start":{"line":27,"column":61},"end":{"line":45,"column":2}},"16":{"start":{"line":28,"column":2},"end":{"line":44,"column":null}},"17":{"start":{"line":29,"column":19},"end":{"line":29,"column":29}},"18":{"start":{"line":30,"column":21},"end":{"line":30,"column":49}},"19":{"start":{"line":32,"column":16},"end":{"line":32,"column":34}},"20":{"start":{"line":33,"column":18},"end":{"line":33,"column":41}},"21":{"start":{"line":35,"column":43},"end":{"line":39,"column":6}},"22":{"start":{"line":41,"column":4},"end":{"line":41,"column":23}},"23":{"start":{"line":43,"column":4},"end":{"line":43,"column":42}},"24":{"start":{"line":87,"column":19},"end":{"line":87,"column":30}},"25":{"start":{"line":47,"column":22},"end":{"line":65,"column":2}},"26":{"start":{"line":47,"column":63},"end":{"line":65,"column":2}},"27":{"start":{"line":48,"column":2},"end":{"line":64,"column":null}},"28":{"start":{"line":49,"column":19},"end":{"line":49,"column":29}},"29":{"start":{"line":50,"column":20},"end":{"line":50,"column":50}},"30":{"start":{"line":52,"column":16},"end":{"line":52,"column":34}},"31":{"start":{"line":53,"column":18},"end":{"line":53,"column":41}},"32":{"start":{"line":55,"column":44},"end":{"line":59,"column":6}},"33":{"start":{"line":61,"column":4},"end":{"line":61,"column":23}},"34":{"start":{"line":63,"column":4},"end":{"line":63,"column":42}},"35":{"start":{"line":87,"column":32},"end":{"line":87,"column":45}},"36":{"start":{"line":67,"column":26},"end":{"line":85,"column":2}},"37":{"start":{"line":67,"column":67},"end":{"line":85,"column":2}},"38":{"start":{"line":68,"column":2},"end":{"line":84,"column":null}},"39":{"start":{"line":69,"column":19},"end":{"line":69,"column":29}},"40":{"start":{"line":70,"column":18},"end":{"line":70,"column":52}},"41":{"start":{"line":72,"column":16},"end":{"line":72,"column":34}},"42":{"start":{"line":73,"column":18},"end":{"line":73,"column":41}},"43":{"start":{"line":75,"column":44},"end":{"line":79,"column":6}},"44":{"start":{"line":81,"column":4},"end":{"line":81,"column":23}},"45":{"start":{"line":83,"column":4},"end":{"line":83,"column":42}},"46":{"start":{"line":87,"column":47},"end":{"line":87,"column":64}}},"fnMap":{"0":{"name":"(anonymous_7)","decl":{"start":{"line":7,"column":17},"end":{"line":7,"column":24}},"loc":{"start":{"line":7,"column":58},"end":{"line":25,"column":2}}},"1":{"name":"(anonymous_8)","decl":{"start":{"line":7,"column":58},"end":{"line":7,"column":null}},"loc":{"start":{"line":7,"column":58},"end":{"line":25,"column":1}}},"2":{"name":"(anonymous_9)","decl":{"start":{"line":27,"column":20},"end":{"line":27,"column":27}},"loc":{"start":{"line":27,"column":61},"end":{"line":45,"column":2}}},"3":{"name":"(anonymous_10)","decl":{"start":{"line":27,"column":61},"end":{"line":27,"column":null}},"loc":{"start":{"line":27,"column":61},"end":{"line":45,"column":1}}},"4":{"name":"(anonymous_11)","decl":{"start":{"line":47,"column":22},"end":{"line":47,"column":29}},"loc":{"start":{"line":47,"column":63},"end":{"line":65,"column":2}}},"5":{"name":"(anonymous_12)","decl":{"start":{"line":47,"column":63},"end":{"line":47,"column":null}},"loc":{"start":{"line":47,"column":63},"end":{"line":65,"column":1}}},"6":{"name":"(anonymous_13)","decl":{"start":{"line":67,"column":26},"end":{"line":67,"column":33}},"loc":{"start":{"line":67,"column":67},"end":{"line":85,"column":2}}},"7":{"name":"(anonymous_14)","decl":{"start":{"line":67,"column":67},"end":{"line":67,"column":null}},"loc":{"start":{"line":67,"column":67},"end":{"line":85,"column":1}}}},"branchMap":{"0":{"loc":{"start":{"line":12,"column":16},"end":{"line":12,"column":34}},"type":"cond-expr","locations":[{"start":{"line":12,"column":26},"end":{"line":12,"column":28}},{"start":{"line":12,"column":26},"end":{"line":12,"column":34}}]},"1":{"loc":{"start":{"line":12,"column":16},"end":{"line":12,"column":28}},"type":"binary-expr","locations":[{"start":{"line":12,"column":16},"end":{"line":12,"column":28}},{"start":{"line":12,"column":26},"end":{"line":12,"column":28}}]},"2":{"loc":{"start":{"line":32,"column":16},"end":{"line":32,"column":34}},"type":"cond-expr","locations":[{"start":{"line":32,"column":26},"end":{"line":32,"column":28}},{"start":{"line":32,"column":26},"end":{"line":32,"column":34}}]},"3":{"loc":{"start":{"line":32,"column":16},"end":{"line":32,"column":28}},"type":"binary-expr","locations":[{"start":{"line":32,"column":16},"end":{"line":32,"column":28}},{"start":{"line":32,"column":26},"end":{"line":32,"column":28}}]},"4":{"loc":{"start":{"line":52,"column":16},"end":{"line":52,"column":34}},"type":"cond-expr","locations":[{"start":{"line":52,"column":26},"end":{"line":52,"column":28}},{"start":{"line":52,"column":26},"end":{"line":52,"column":34}}]},"5":{"loc":{"start":{"line":52,"column":16},"end":{"line":52,"column":28}},"type":"binary-expr","locations":[{"start":{"line":52,"column":16},"end":{"line":52,"column":28}},{"start":{"line":52,"column":26},"end":{"line":52,"column":28}}]},"6":{"loc":{"start":{"line":72,"column":16},"end":{"line":72,"column":34}},"type":"cond-expr","locations":[{"start":{"line":72,"column":26},"end":{"line":72,"column":28}},{"start":{"line":72,"column":26},"end":{"line":72,"column":34}}]},"7":{"loc":{"start":{"line":72,"column":16},"end":{"line":72,"column":28}},"type":"binary-expr","locations":[{"start":{"line":72,"column":16},"end":{"line":72,"column":28}},{"start":{"line":72,"column":26},"end":{"line":72,"column":28}}]}},"s":{"0":1,"1":1,"2":1,"3":1,"4":0,"5":0,"6":0,"7":0,"8":0,"9":0,"10":0,"11":0,"12":0,"13":1,"14":1,"15":0,"16":0,"17":0,"18":0,"19":0,"20":0,"21":0,"22":0,"23":0,"24":1,"25":1,"26":0,"27":0,"28":0,"29":0,"30":0,"31":0,"32":0,"33":0,"34":0,"35":1,"36":1,"37":0,"38":0,"39":0,"40":0,"41":0,"42":0,"43":0,"44":0,"45":0,"46":1},"f":{"0":0,"1":0,"2":0,"3":0,"4":0,"5":0,"6":0,"7":0},"b":{"0":[0,0],"1":[0,0],"2":[0,0],"3":[0,0],"4":[0,0],"5":[0,0],"6":[0,0],"7":[0,0]}}
,"C:\\Proyectos\\TESTS\\reviewMovies\\src\\controllers\\app.ts": {"path":"C:\\Proyectos\\TESTS\\reviewMovies\\src\\controllers\\app.ts","statementMap":{"0":{"start":{"line":3,"column":0},"end":{"line":3,"column":52}},"1":{"start":{"line":4,"column":0},"end":{"line":4,"column":52}},"2":{"start":{"line":5,"column":0},"end":{"line":5,"column":88}},"3":{"start":{"line":7,"column":18},"end":{"line":25,"column":2}},"4":{"start":{"line":7,"column":59},"end":{"line":25,"column":2}},"5":{"start":{"line":8,"column":2},"end":{"line":24,"column":null}},"6":{"start":{"line":9,"column":29},"end":{"line":9,"column":39}},"7":{"start":{"line":10,"column":19},"end":{"line":10,"column":55}},"8":{"start":{"line":12,"column":16},"end":{"line":12,"column":34}},"9":{"start":{"line":13,"column":18},"end":{"line":13,"column":41}},"10":{"start":{"line":15,"column":43},"end":{"line":19,"column":6}},"11":{"start":{"line":21,"column":4},"end":{"line":21,"column":23}},"12":{"start":{"line":23,"column":4},"end":{"line":23,"column":39}},"13":{"start":{"line":68,"column":9},"end":{"line":68,"column":18}},"14":{"start":{"line":27,"column":17},"end":{"line":45,"column":2}},"15":{"start":{"line":27,"column":58},"end":{"line":45,"column":2}},"16":{"start":{"line":28,"column":2},"end":{"line":44,"column":null}},"17":{"start":{"line":29,"column":19},"end":{"line":29,"column":29}},"18":{"start":{"line":30,"column":18},"end":{"line":30,"column":43}},"19":{"start":{"line":32,"column":16},"end":{"line":32,"column":34}},"20":{"start":{"line":33,"column":18},"end":{"line":33,"column":41}},"21":{"start":{"line":35,"column":44},"end":{"line":39,"column":6}},"22":{"start":{"line":41,"column":4},"end":{"line":41,"column":23}},"23":{"start":{"line":43,"column":4},"end":{"line":43,"column":42}},"24":{"start":{"line":68,"column":20},"end":{"line":68,"column":28}},"25":{"start":{"line":47,"column":20},"end":{"line":66,"column":2}},"26":{"start":{"line":47,"column":61},"end":{"line":66,"column":2}},"27":{"start":{"line":48,"column":2},"end":{"line":65,"column":null}},"28":{"start":{"line":49,"column":19},"end":{"line":49,"column":29}},"29":{"start":{"line":50,"column":21},"end":{"line":50,"column":29}},"30":{"start":{"line":51,"column":21},"end":{"line":51,"column":55}},"31":{"start":{"line":53,"column":16},"end":{"line":53,"column":34}},"32":{"start":{"line":54,"column":18},"end":{"line":54,"column":41}},"33":{"start":{"line":56,"column":43},"end":{"line":60,"column":6}},"34":{"start":{"line":62,"column":4},"end":{"line":62,"column":23}},"35":{"start":{"line":64,"column":4},"end":{"line":64,"column":42}},"36":{"start":{"line":68,"column":30},"end":{"line":68,"column":41}}},"fnMap":{"0":{"name":"(anonymous_7)","decl":{"start":{"line":7,"column":18},"end":{"line":7,"column":25}},"loc":{"start":{"line":7,"column":59},"end":{"line":25,"column":2}}},"1":{"name":"(anonymous_8)","decl":{"start":{"line":7,"column":59},"end":{"line":7,"column":null}},"loc":{"start":{"line":7,"column":59},"end":{"line":25,"column":1}}},"2":{"name":"(anonymous_9)","decl":{"start":{"line":27,"column":17},"end":{"line":27,"column":24}},"loc":{"start":{"line":27,"column":58},"end":{"line":45,"column":2}}},"3":{"name":"(anonymous_10)","decl":{"start":{"line":27,"column":58},"end":{"line":27,"column":null}},"loc":{"start":{"line":27,"column":58},"end":{"line":45,"column":1}}},"4":{"name":"(anonymous_11)","decl":{"start":{"line":47,"column":20},"end":{"line":47,"column":27}},"loc":{"start":{"line":47,"column":61},"end":{"line":66,"column":2}}},"5":{"name":"(anonymous_12)","decl":{"start":{"line":47,"column":61},"end":{"line":47,"column":null}},"loc":{"start":{"line":47,"column":61},"end":{"line":66,"column":1}}}},"branchMap":{"0":{"loc":{"start":{"line":12,"column":16},"end":{"line":12,"column":34}},"type":"cond-expr","locations":[{"start":{"line":12,"column":26},"end":{"line":12,"column":28}},{"start":{"line":12,"column":26},"end":{"line":12,"column":34}}]},"1":{"loc":{"start":{"line":12,"column":16},"end":{"line":12,"column":28}},"type":"binary-expr","locations":[{"start":{"line":12,"column":16},"end":{"line":12,"column":28}},{"start":{"line":12,"column":26},"end":{"line":12,"column":28}}]},"2":{"loc":{"start":{"line":32,"column":16},"end":{"line":32,"column":34}},"type":"cond-expr","locations":[{"start":{"line":32,"column":26},"end":{"line":32,"column":28}},{"start":{"line":32,"column":26},"end":{"line":32,"column":34}}]},"3":{"loc":{"start":{"line":32,"column":16},"end":{"line":32,"column":28}},"type":"binary-expr","locations":[{"start":{"line":32,"column":16},"end":{"line":32,"column":28}},{"start":{"line":32,"column":26},"end":{"line":32,"column":28}}]},"4":{"loc":{"start":{"line":53,"column":16},"end":{"line":53,"column":34}},"type":"cond-expr","locations":[{"start":{"line":53,"column":26},"end":{"line":53,"column":28}},{"start":{"line":53,"column":26},"end":{"line":53,"column":34}}]},"5":{"loc":{"start":{"line":53,"column":16},"end":{"line":53,"column":28}},"type":"binary-expr","locations":[{"start":{"line":53,"column":16},"end":{"line":53,"column":28}},{"start":{"line":53,"column":26},"end":{"line":53,"column":28}}]}},"s":{"0":1,"1":1,"2":1,"3":1,"4":0,"5":0,"6":0,"7":0,"8":0,"9":0,"10":0,"11":0,"12":0,"13":1,"14":1,"15":0,"16":0,"17":0,"18":0,"19":0,"20":0,"21":0,"22":0,"23":0,"24":1,"25":1,"26":0,"27":0,"28":0,"29":0,"30":0,"31":0,"32":0,"33":0,"34":0,"35":0,"36":1},"f":{"0":0,"1":0,"2":0,"3":0,"4":0,"5":0},"b":{"0":[0,0],"1":[0,0],"2":[0,0],"3":[0,0],"4":[0,0],"5":[0,0]}}
,"C:\\Proyectos\\TESTS\\reviewMovies\\src\\controllers\\auth.ts": {"path":"C:\\Proyectos\\TESTS\\reviewMovies\\src\\controllers\\auth.ts","statementMap":{"0":{"start":{"line":3,"column":0},"end":{"line":3,"column":65}},"1":{"start":{"line":4,"column":0},"end":{"line":4,"column":52}},"2":{"start":{"line":6,"column":14},"end":{"line":19,"column":2}},"3":{"start":{"line":6,"column":57},"end":{"line":19,"column":2}},"4":{"start":{"line":7,"column":2},"end":{"line":18,"column":null}},"5":{"start":{"line":8,"column":31},"end":{"line":8,"column":35}},"6":{"start":{"line":9,"column":22},"end":{"line":9,"column":60}},"7":{"start":{"line":10,"column":36},"end":{"line":13,"column":6}},"8":{"start":{"line":15,"column":4},"end":{"line":15,"column":23}},"9":{"start":{"line":17,"column":4},"end":{"line":17,"column":39}},"10":{"start":{"line":36,"column":9},"end":{"line":36,"column":14}},"11":{"start":{"line":21,"column":17},"end":{"line":34,"column":2}},"12":{"start":{"line":21,"column":60},"end":{"line":34,"column":2}},"13":{"start":{"line":22,"column":2},"end":{"line":33,"column":null}},"14":{"start":{"line":23,"column":17},"end":{"line":23,"column":44}},"15":{"start":{"line":25,"column":44},"end":{"line":28,"column":6}},"16":{"start":{"line":30,"column":4},"end":{"line":30,"column":23}},"17":{"start":{"line":32,"column":4},"end":{"line":32,"column":42}},"18":{"start":{"line":36,"column":16},"end":{"line":36,"column":24}}},"fnMap":{"0":{"name":"(anonymous_7)","decl":{"start":{"line":6,"column":14},"end":{"line":6,"column":21}},"loc":{"start":{"line":6,"column":57},"end":{"line":19,"column":2}}},"1":{"name":"(anonymous_8)","decl":{"start":{"line":6,"column":57},"end":{"line":6,"column":null}},"loc":{"start":{"line":6,"column":57},"end":{"line":19,"column":1}}},"2":{"name":"(anonymous_9)","decl":{"start":{"line":21,"column":17},"end":{"line":21,"column":24}},"loc":{"start":{"line":21,"column":60},"end":{"line":34,"column":2}}},"3":{"name":"(anonymous_10)","decl":{"start":{"line":21,"column":60},"end":{"line":21,"column":null}},"loc":{"start":{"line":21,"column":60},"end":{"line":34,"column":1}}}},"branchMap":{},"s":{"0":1,"1":1,"2":1,"3":0,"4":0,"5":0,"6":0,"7":0,"8":0,"9":0,"10":1,"11":1,"12":0,"13":0,"14":0,"15":0,"16":0,"17":0,"18":1},"f":{"0":0,"1":0,"2":0,"3":0},"b":{}}
,"C:\\Proyectos\\TESTS\\reviewMovies\\src\\controllers\\user.ts": {"path":"C:\\Proyectos\\TESTS\\reviewMovies\\src\\controllers\\user.ts","statementMap":{"0":{"start":{"line":3,"column":0},"end":{"line":3,"column":77}},"1":{"start":{"line":4,"column":0},"end":{"line":4,"column":52}},"2":{"start":{"line":5,"column":0},"end":{"line":5,"column":52}},"3":{"start":{"line":7,"column":19},"end":{"line":26,"column":2}},"4":{"start":{"line":7,"column":60},"end":{"line":26,"column":2}},"5":{"start":{"line":8,"column":2},"end":{"line":25,"column":null}},"6":{"start":{"line":9,"column":21},"end":{"line":9,"column":24}},"7":{"start":{"line":10,"column":20},"end":{"line":10,"column":49}},"8":{"start":{"line":12,"column":16},"end":{"line":12,"column":34}},"9":{"start":{"line":13,"column":18},"end":{"line":13,"column":41}},"10":{"start":{"line":15,"column":44},"end":{"line":19,"column":null}},"11":{"start":{"line":21,"column":4},"end":{"line":21,"column":23}},"12":{"start":{"line":24,"column":4},"end":{"line":24,"column":null}},"13":{"start":{"line":50,"column":2},"end":{"line":50,"column":12}},"14":{"start":{"line":28,"column":24},"end":{"line":47,"column":2}},"15":{"start":{"line":28,"column":66},"end":{"line":47,"column":2}},"16":{"start":{"line":29,"column":2},"end":{"line":46,"column":null}},"17":{"start":{"line":30,"column":21},"end":{"line":30,"column":24}},"18":{"start":{"line":31,"column":18},"end":{"line":31,"column":52}},"19":{"start":{"line":33,"column":16},"end":{"line":33,"column":34}},"20":{"start":{"line":34,"column":18},"end":{"line":34,"column":41}},"21":{"start":{"line":36,"column":45},"end":{"line":40,"column":null}},"22":{"start":{"line":42,"column":4},"end":{"line":42,"column":null}},"23":{"start":{"line":45,"column":4},"end":{"line":45,"column":null}},"24":{"start":{"line":51,"column":2},"end":{"line":51,"column":17}}},"fnMap":{"0":{"name":"(anonymous_7)","decl":{"start":{"line":7,"column":19},"end":{"line":7,"column":26}},"loc":{"start":{"line":7,"column":60},"end":{"line":26,"column":2}}},"1":{"name":"(anonymous_8)","decl":{"start":{"line":7,"column":60},"end":{"line":7,"column":null}},"loc":{"start":{"line":7,"column":60},"end":{"line":26,"column":1}}},"2":{"name":"(anonymous_9)","decl":{"start":{"line":28,"column":24},"end":{"line":28,"column":31}},"loc":{"start":{"line":28,"column":66},"end":{"line":47,"column":2}}},"3":{"name":"(anonymous_10)","decl":{"start":{"line":28,"column":66},"end":{"line":28,"column":null}},"loc":{"start":{"line":28,"column":66},"end":{"line":47,"column":1}}}},"branchMap":{"0":{"loc":{"start":{"line":12,"column":16},"end":{"line":12,"column":34}},"type":"cond-expr","locations":[{"start":{"line":12,"column":26},"end":{"line":12,"column":28}},{"start":{"line":12,"column":26},"end":{"line":12,"column":34}}]},"1":{"loc":{"start":{"line":12,"column":16},"end":{"line":12,"column":28}},"type":"binary-expr","locations":[{"start":{"line":12,"column":16},"end":{"line":12,"column":28}},{"start":{"line":12,"column":26},"end":{"line":12,"column":28}}]},"2":{"loc":{"start":{"line":33,"column":16},"end":{"line":33,"column":34}},"type":"cond-expr","locations":[{"start":{"line":33,"column":26},"end":{"line":33,"column":28}},{"start":{"line":33,"column":26},"end":{"line":33,"column":34}}]},"3":{"loc":{"start":{"line":33,"column":16},"end":{"line":33,"column":28}},"type":"binary-expr","locations":[{"start":{"line":33,"column":16},"end":{"line":33,"column":28}},{"start":{"line":33,"column":26},"end":{"line":33,"column":28}}]}},"s":{"0":1,"1":1,"2":1,"3":1,"4":0,"5":0,"6":0,"7":0,"8":0,"9":0,"10":0,"11":0,"12":0,"13":1,"14":1,"15":0,"16":0,"17":0,"18":0,"19":0,"20":0,"21":0,"22":0,"23":0,"24":1},"f":{"0":0,"1":0,"2":0,"3":0},"b":{"0":[0,0],"1":[0,0],"2":[0,0],"3":[0,0]}}
,"C:\\Proyectos\\TESTS\\reviewMovies\\src\\middlewares\\session.ts": {"path":"C:\\Proyectos\\TESTS\\reviewMovies\\src\\middlewares\\session.ts","statementMap":{"0":{"start":{"line":2,"column":0},"end":{"line":2,"column":42}},"1":{"start":{"line":3,"column":0},"end":{"line":3,"column":52}},"2":{"start":{"line":4,"column":0},"end":{"line":4,"column":50}},"3":{"start":{"line":5,"column":0},"end":{"line":5,"column":45}},"4":{"start":{"line":7,"column":17},"end":{"line":22,"column":1}},"5":{"start":{"line":8,"column":2},"end":{"line":21,"column":null}},"6":{"start":{"line":9,"column":22},"end":{"line":9,"column":53}},"7":{"start":{"line":10,"column":16},"end":{"line":10,"column":42}},"8":{"start":{"line":11,"column":20},"end":{"line":11,"column":63}},"9":{"start":{"line":12,"column":4},"end":{"line":18,"column":null}},"10":{"start":{"line":13,"column":6},"end":{"line":13,"column":22}},"11":{"start":{"line":14,"column":6},"end":{"line":14,"column":42}},"12":{"start":{"line":16,"column":6},"end":{"line":16,"column":27}},"13":{"start":{"line":17,"column":6},"end":{"line":17,"column":13}},"14":{"start":{"line":20,"column":4},"end":{"line":20,"column":45}},"15":{"start":{"line":56,"column":9},"end":{"line":56,"column":17}},"16":{"start":{"line":24,"column":15},"end":{"line":38,"column":2}},"17":{"start":{"line":24,"column":83},"end":{"line":38,"column":2}},"18":{"start":{"line":25,"column":2},"end":{"line":37,"column":null}},"19":{"start":{"line":26,"column":16},"end":{"line":26,"column":30}},"20":{"start":{"line":28,"column":20},"end":{"line":28,"column":57}},"21":{"start":{"line":30,"column":4},"end":{"line":34,"column":null}},"22":{"start":{"line":31,"column":6},"end":{"line":31,"column":13}},"23":{"start":{"line":33,"column":6},"end":{"line":33,"column":65}},"24":{"start":{"line":36,"column":4},"end":{"line":36,"column":45}},"25":{"start":{"line":56,"column":19},"end":{"line":56,"column":25}},"26":{"start":{"line":40,"column":16},"end":{"line":54,"column":2}},"27":{"start":{"line":40,"column":84},"end":{"line":54,"column":2}},"28":{"start":{"line":41,"column":2},"end":{"line":53,"column":null}},"29":{"start":{"line":42,"column":16},"end":{"line":42,"column":30}},"30":{"start":{"line":44,"column":20},"end":{"line":44,"column":57}},"31":{"start":{"line":46,"column":4},"end":{"line":50,"column":null}},"32":{"start":{"line":47,"column":6},"end":{"line":47,"column":13}},"33":{"start":{"line":49,"column":6},"end":{"line":49,"column":65}},"34":{"start":{"line":52,"column":4},"end":{"line":52,"column":46}},"35":{"start":{"line":56,"column":27},"end":{"line":56,"column":34}}},"fnMap":{"0":{"name":"(anonymous_8)","decl":{"start":{"line":7,"column":17},"end":{"line":7,"column":18}},"loc":{"start":{"line":7,"column":72},"end":{"line":22,"column":1}}},"1":{"name":"(anonymous_9)","decl":{"start":{"line":24,"column":15},"end":{"line":24,"column":22}},"loc":{"start":{"line":24,"column":83},"end":{"line":38,"column":2}}},"2":{"name":"(anonymous_10)","decl":{"start":{"line":24,"column":83},"end":{"line":24,"column":null}},"loc":{"start":{"line":24,"column":83},"end":{"line":38,"column":1}}},"3":{"name":"(anonymous_11)","decl":{"start":{"line":40,"column":16},"end":{"line":40,"column":23}},"loc":{"start":{"line":40,"column":84},"end":{"line":54,"column":2}}},"4":{"name":"(anonymous_12)","decl":{"start":{"line":40,"column":84},"end":{"line":40,"column":null}},"loc":{"start":{"line":40,"column":84},"end":{"line":54,"column":1}}}},"branchMap":{"0":{"loc":{"start":{"line":9,"column":22},"end":{"line":9,"column":53}},"type":"binary-expr","locations":[{"start":{"line":9,"column":22},"end":{"line":9,"column":47}},{"start":{"line":9,"column":51},"end":{"line":9,"column":53}}]},"1":{"loc":{"start":{"line":12,"column":4},"end":{"line":18,"column":null}},"type":"if","locations":[{"start":{"line":12,"column":4},"end":{"line":18,"column":null}},{"start":{"line":15,"column":11},"end":{"line":18,"column":null}}]},"2":{"loc":{"start":{"line":26,"column":16},"end":{"line":26,"column":30}},"type":"cond-expr","locations":[{"start":{"line":26,"column":22},"end":{"line":26,"column":24}},{"start":{"line":26,"column":16},"end":{"line":26,"column":30}}]},"3":{"loc":{"start":{"line":26,"column":16},"end":{"line":26,"column":24}},"type":"binary-expr","locations":[{"start":{"line":26,"column":16},"end":{"line":26,"column":24}},{"start":{"line":26,"column":16},"end":{"line":26,"column":24}}]},"4":{"loc":{"start":{"line":30,"column":4},"end":{"line":34,"column":null}},"type":"if","locations":[{"start":{"line":30,"column":4},"end":{"line":34,"column":null}},{"start":{"line":32,"column":11},"end":{"line":34,"column":null}}]},"5":{"loc":{"start":{"line":30,"column":8},"end":{"line":30,"column":45}},"type":"binary-expr","locations":[{"start":{"line":30,"column":8},"end":{"line":30,"column":15}},{"start":{"line":30,"column":19},"end":{"line":30,"column":45}}]},"6":{"loc":{"start":{"line":42,"column":16},"end":{"line":42,"column":30}},"type":"cond-expr","locations":[{"start":{"line":42,"column":22},"end":{"line":42,"column":24}},{"start":{"line":42,"column":16},"end":{"line":42,"column":30}}]},"7":{"loc":{"start":{"line":42,"column":16},"end":{"line":42,"column":24}},"type":"binary-expr","locations":[{"start":{"line":42,"column":16},"end":{"line":42,"column":24}},{"start":{"line":42,"column":16},"end":{"line":42,"column":24}}]},"8":{"loc":{"start":{"line":46,"column":4},"end":{"line":50,"column":null}},"type":"if","locations":[{"start":{"line":46,"column":4},"end":{"line":50,"column":null}},{"start":{"line":48,"column":11},"end":{"line":50,"column":null}}]},"9":{"loc":{"start":{"line":46,"column":8},"end":{"line":46,"column":43}},"type":"binary-expr","locations":[{"start":{"line":46,"column":8},"end":{"line":46,"column":15}},{"start":{"line":46,"column":19},"end":{"line":46,"column":43}}]}},"s":{"0":1,"1":1,"2":1,"3":1,"4":1,"5":0,"6":0,"7":0,"8":0,"9":0,"10":0,"11":0,"12":0,"13":0,"14":0,"15":1,"16":1,"17":0,"18":0,"19":0,"20":0,"21":0,"22":0,"23":0,"24":0,"25":1,"26":1,"27":0,"28":0,"29":0,"30":0,"31":0,"32":0,"33":0,"34":0,"35":1},"f":{"0":0,"1":0,"2":0,"3":0,"4":0},"b":{"0":[0,0],"1":[0,0],"2":[0,0],"3":[0,0],"4":[0,0],"5":[0,0],"6":[0,0],"7":[0,0],"8":[0,0],"9":[0,0]}}
,"C:\\Proyectos\\TESTS\\reviewMovies\\src\\models\\comment.model.ts": {"path":"C:\\Proyectos\\TESTS\\reviewMovies\\src\\models\\comment.model.ts","statementMap":{"0":{"start":{"line":1,"column":0},"end":{"line":1,"column":41}},"1":{"start":{"line":4,"column":22},"end":{"line":26,"column":null}},"2":{"start":{"line":29,"column":21},"end":{"line":29,"column":54}},"3":{"start":{"line":30,"column":0},"end":{"line":30,"column":28}}},"fnMap":{},"branchMap":{},"s":{"0":1,"1":1,"2":1,"3":1},"f":{},"b":{}}
,"C:\\Proyectos\\TESTS\\reviewMovies\\src\\models\\movie.model.ts": {"path":"C:\\Proyectos\\TESTS\\reviewMovies\\src\\models\\movie.model.ts","statementMap":{"0":{"start":{"line":1,"column":0},"end":{"line":1,"column":41}},"1":{"start":{"line":4,"column":20},"end":{"line":27,"column":null}},"2":{"start":{"line":30,"column":19},"end":{"line":30,"column":48}},"3":{"start":{"line":31,"column":0},"end":{"line":31,"column":26}}},"fnMap":{},"branchMap":{},"s":{"0":1,"1":1,"2":1,"3":1},"f":{},"b":{}}
,"C:\\Proyectos\\TESTS\\reviewMovies\\src\\models\\user.model.ts": {"path":"C:\\Proyectos\\TESTS\\reviewMovies\\src\\models\\user.model.ts","statementMap":{"0":{"start":{"line":1,"column":0},"end":{"line":1,"column":41}},"1":{"start":{"line":4,"column":19},"end":{"line":23,"column":null}},"2":{"start":{"line":26,"column":18},"end":{"line":26,"column":46}},"3":{"start":{"line":27,"column":0},"end":{"line":27,"column":25}}},"fnMap":{},"branchMap":{},"s":{"0":1,"1":1,"2":1,"3":1},"f":{},"b":{}}
,"C:\\Proyectos\\TESTS\\reviewMovies\\src\\routers\\admin.ts": {"path":"C:\\Proyectos\\TESTS\\reviewMovies\\src\\routers\\admin.ts","statementMap":{"0":{"start":{"line":1,"column":0},"end":{"line":1,"column":33}},"1":{"start":{"line":2,"column":0},"end":{"line":2,"column":95}},"2":{"start":{"line":3,"column":0},"end":{"line":3,"column":67}},"3":{"start":{"line":5,"column":15},"end":{"line":5,"column":23}},"4":{"start":{"line":11,"column":9},"end":{"line":11,"column":15}},"5":{"start":{"line":6,"column":0},"end":{"line":6,"column":60}},"6":{"start":{"line":7,"column":0},"end":{"line":7,"column":null}},"7":{"start":{"line":8,"column":0},"end":{"line":8,"column":null}},"8":{"start":{"line":9,"column":0},"end":{"line":9,"column":null}}},"fnMap":{},"branchMap":{},"s":{"0":1,"1":1,"2":1,"3":1,"4":1,"5":1,"6":1,"7":1,"8":1},"f":{},"b":{}}
,"C:\\Proyectos\\TESTS\\reviewMovies\\src\\routers\\app.ts": {"path":"C:\\Proyectos\\TESTS\\reviewMovies\\src\\routers\\app.ts","statementMap":{"0":{"start":{"line":1,"column":0},"end":{"line":1,"column":33}},"1":{"start":{"line":2,"column":0},"end":{"line":2,"column":70}},"2":{"start":{"line":4,"column":15},"end":{"line":4,"column":23}},"3":{"start":{"line":9,"column":9},"end":{"line":9,"column":15}},"4":{"start":{"line":5,"column":0},"end":{"line":5,"column":48}},"5":{"start":{"line":6,"column":0},"end":{"line":6,"column":null}},"6":{"start":{"line":7,"column":0},"end":{"line":7,"column":null}}},"fnMap":{},"branchMap":{},"s":{"0":1,"1":1,"2":1,"3":1,"4":1,"5":1,"6":1},"f":{},"b":{}}
,"C:\\Proyectos\\TESTS\\reviewMovies\\src\\routers\\auth.ts": {"path":"C:\\Proyectos\\TESTS\\reviewMovies\\src\\routers\\auth.ts","statementMap":{"0":{"start":{"line":1,"column":0},"end":{"line":1,"column":33}},"1":{"start":{"line":2,"column":0},"end":{"line":2,"column":54}},"2":{"start":{"line":4,"column":15},"end":{"line":4,"column":23}},"3":{"start":{"line":8,"column":9},"end":{"line":8,"column":15}},"4":{"start":{"line":5,"column":0},"end":{"line":5,"column":29}},"5":{"start":{"line":6,"column":0},"end":{"line":6,"column":null}}},"fnMap":{},"branchMap":{},"s":{"0":1,"1":1,"2":1,"3":1,"4":1,"5":1},"f":{},"b":{}}
,"C:\\Proyectos\\TESTS\\reviewMovies\\src\\routers\\index.ts": {"path":"C:\\Proyectos\\TESTS\\reviewMovies\\src\\routers\\index.ts","statementMap":{"0":{"start":{"line":1,"column":0},"end":{"line":1,"column":33}},"1":{"start":{"line":2,"column":0},"end":{"line":2,"column":33}},"2":{"start":{"line":4,"column":20},"end":{"line":4,"column":34}},"3":{"start":{"line":5,"column":15},"end":{"line":5,"column":23}},"4":{"start":{"line":25,"column":9},"end":{"line":25,"column":15}},"5":{"start":{"line":11,"column":22},"end":{"line":14,"column":1}},"6":{"start":{"line":12,"column":15},"end":{"line":12,"column":42}},"7":{"start":{"line":13,"column":2},"end":{"line":13,"column":14}},"8":{"start":{"line":16,"column":0},"end":{"line":23,"column":3}},"9":{"start":{"line":17,"column":20},"end":{"line":17,"column":43}},"10":{"start":{"line":18,"column":2},"end":{"line":22,"column":null}},"11":{"start":{"line":19,"column":4},"end":{"line":21,"column":7}},"12":{"start":{"line":19,"column":27},"end":{"line":19,"column":29}},"13":{"start":{"line":20,"column":6},"end":{"line":20,"column":55}}},"fnMap":{"0":{"name":"(anonymous_6)","decl":{"start":{"line":11,"column":22},"end":{"line":11,"column":23}},"loc":{"start":{"line":11,"column":43},"end":{"line":14,"column":1}}},"1":{"name":"(anonymous_7)","decl":{"start":{"line":16,"column":32},"end":{"line":16,"column":33}},"loc":{"start":{"line":16,"column":45},"end":{"line":23,"column":1}}},"2":{"name":"(anonymous_8)","decl":{"start":{"line":19,"column":27},"end":{"line":19,"column":29}},"loc":{"start":{"line":19,"column":27},"end":{"line":19,"column":29}}},"3":{"name":"(anonymous_9)","decl":{"start":{"line":19,"column":34},"end":{"line":19,"column":35}},"loc":{"start":{"line":19,"column":51},"end":{"line":21,"column":5}}}},"branchMap":{"0":{"loc":{"start":{"line":18,"column":2},"end":{"line":22,"column":null}},"type":"if","locations":[{"start":{"line":18,"column":2},"end":{"line":22,"column":null}}]}},"s":{"0":1,"1":1,"2":1,"3":1,"4":1,"5":1,"6":5,"7":5,"8":1,"9":5,"10":5,"11":4,"12":4,"13":4},"f":{"0":5,"1":5,"2":4,"3":4},"b":{"0":[4]}}
,"C:\\Proyectos\\TESTS\\reviewMovies\\src\\routers\\user.ts": {"path":"C:\\Proyectos\\TESTS\\reviewMovies\\src\\routers\\user.ts","statementMap":{"0":{"start":{"line":1,"column":0},"end":{"line":1,"column":33}},"1":{"start":{"line":2,"column":0},"end":{"line":2,"column":66}},"2":{"start":{"line":3,"column":0},"end":{"line":3,"column":58}},"3":{"start":{"line":5,"column":15},"end":{"line":5,"column":23}},"4":{"start":{"line":9,"column":9},"end":{"line":9,"column":15}},"5":{"start":{"line":6,"column":0},"end":{"line":6,"column":59}},"6":{"start":{"line":7,"column":0},"end":{"line":7,"column":null}}},"fnMap":{},"branchMap":{},"s":{"0":1,"1":1,"2":1,"3":1,"4":1,"5":1,"6":1},"f":{},"b":{}}
,"C:\\Proyectos\\TESTS\\reviewMovies\\src\\services\\admin.ts": {"path":"C:\\Proyectos\\TESTS\\reviewMovies\\src\\services\\admin.ts","statementMap":{"0":{"start":{"line":1,"column":0},"end":{"line":1,"column":55}},"1":{"start":{"line":2,"column":0},"end":{"line":2,"column":47}},"2":{"start":{"line":3,"column":0},"end":{"line":3,"column":51}},"3":{"start":{"line":4,"column":0},"end":{"line":4,"column":45}},"4":{"start":{"line":5,"column":0},"end":{"line":5,"column":57}},"5":{"start":{"line":6,"column":24},"end":{"line":9,"column":2}},"6":{"start":{"line":6,"column":66},"end":{"line":9,"column":2}},"7":{"start":{"line":7,"column":16},"end":{"line":7,"column":77}},"8":{"start":{"line":8,"column":2},"end":{"line":8,"column":15}},"9":{"start":{"line":60,"column":2},"end":{"line":60,"column":17}},"10":{"start":{"line":11,"column":27},"end":{"line":14,"column":2}},"11":{"start":{"line":11,"column":68},"end":{"line":14,"column":2}},"12":{"start":{"line":12,"column":19},"end":{"line":12,"column":67}},"13":{"start":{"line":13,"column":2},"end":{"line":13,"column":18}},"14":{"start":{"line":61,"column":2},"end":{"line":61,"column":20}},"15":{"start":{"line":16,"column":29},"end":{"line":38,"column":2}},"16":{"start":{"line":16,"column":75},"end":{"line":38,"column":2}},"17":{"start":{"line":17,"column":18},"end":{"line":17,"column":64}},"18":{"start":{"line":18,"column":2},"end":{"line":18,"column":57}},"19":{"start":{"line":18,"column":16},"end":{"line":18,"column":57}},"20":{"start":{"line":20,"column":25},"end":{"line":20,"column":80}},"21":{"start":{"line":22,"column":2},"end":{"line":23,"column":45}},"22":{"start":{"line":23,"column":4},"end":{"line":23,"column":45}},"23":{"start":{"line":25,"column":32},"end":{"line":26,"column":null}},"24":{"start":{"line":29,"column":16},"end":{"line":34,"column":null}},"25":{"start":{"line":37,"column":2},"end":{"line":37,"column":17}},"26":{"start":{"line":62,"column":2},"end":{"line":62,"column":22}},"27":{"start":{"line":40,"column":33},"end":{"line":57,"column":2}},"28":{"start":{"line":40,"column":75},"end":{"line":57,"column":2}},"29":{"start":{"line":41,"column":21},"end":{"line":41,"column":63}},"30":{"start":{"line":42,"column":2},"end":{"line":42,"column":54}},"31":{"start":{"line":42,"column":19},"end":{"line":42,"column":54}},"32":{"start":{"line":43,"column":2},"end":{"line":44,"column":45}},"33":{"start":{"line":44,"column":4},"end":{"line":44,"column":45}},"34":{"start":{"line":46,"column":16},"end":{"line":51,"column":null}},"35":{"start":{"line":54,"column":2},"end":{"line":54,"column":52}},"36":{"start":{"line":54,"column":14},"end":{"line":54,"column":52}},"37":{"start":{"line":56,"column":2},"end":{"line":56,"column":15}},"38":{"start":{"line":63,"column":2},"end":{"line":63,"column":26}}},"fnMap":{"0":{"name":"(anonymous_8)","decl":{"start":{"line":6,"column":24},"end":{"line":6,"column":31}},"loc":{"start":{"line":6,"column":66},"end":{"line":9,"column":2}}},"1":{"name":"(anonymous_9)","decl":{"start":{"line":6,"column":66},"end":{"line":6,"column":null}},"loc":{"start":{"line":6,"column":66},"end":{"line":9,"column":1}}},"2":{"name":"(anonymous_10)","decl":{"start":{"line":11,"column":27},"end":{"line":11,"column":34}},"loc":{"start":{"line":11,"column":68},"end":{"line":14,"column":2}}},"3":{"name":"(anonymous_11)","decl":{"start":{"line":11,"column":68},"end":{"line":11,"column":null}},"loc":{"start":{"line":11,"column":68},"end":{"line":14,"column":1}}},"4":{"name":"(anonymous_12)","decl":{"start":{"line":16,"column":29},"end":{"line":16,"column":36}},"loc":{"start":{"line":16,"column":75},"end":{"line":38,"column":2}}},"5":{"name":"(anonymous_13)","decl":{"start":{"line":16,"column":75},"end":{"line":16,"column":null}},"loc":{"start":{"line":16,"column":75},"end":{"line":38,"column":1}}},"6":{"name":"(anonymous_14)","decl":{"start":{"line":40,"column":33},"end":{"line":40,"column":40}},"loc":{"start":{"line":40,"column":75},"end":{"line":57,"column":2}}},"7":{"name":"(anonymous_15)","decl":{"start":{"line":40,"column":75},"end":{"line":40,"column":null}},"loc":{"start":{"line":40,"column":75},"end":{"line":57,"column":1}}}},"branchMap":{"0":{"loc":{"start":{"line":18,"column":2},"end":{"line":18,"column":57}},"type":"if","locations":[{"start":{"line":18,"column":2},"end":{"line":18,"column":57}}]},"1":{"loc":{"start":{"line":22,"column":2},"end":{"line":23,"column":45}},"type":"if","locations":[{"start":{"line":22,"column":2},"end":{"line":23,"column":45}}]},"2":{"loc":{"start":{"line":42,"column":2},"end":{"line":42,"column":54}},"type":"if","locations":[{"start":{"line":42,"column":2},"end":{"line":42,"column":54}}]},"3":{"loc":{"start":{"line":43,"column":2},"end":{"line":44,"column":45}},"type":"if","locations":[{"start":{"line":43,"column":2},"end":{"line":44,"column":45}}]},"4":{"loc":{"start":{"line":54,"column":2},"end":{"line":54,"column":52}},"type":"if","locations":[{"start":{"line":54,"column":2},"end":{"line":54,"column":52}}]}},"s":{"0":1,"1":1,"2":1,"3":1,"4":1,"5":1,"6":0,"7":0,"8":0,"9":1,"10":1,"11":0,"12":0,"13":0,"14":1,"15":1,"16":0,"17":0,"18":0,"19":0,"20":0,"21":0,"22":0,"23":0,"24":0,"25":0,"26":1,"27":1,"28":0,"29":0,"30":0,"31":0,"32":0,"33":0,"34":0,"35":0,"36":0,"37":0,"38":1},"f":{"0":0,"1":0,"2":0,"3":0,"4":0,"5":0,"6":0,"7":0},"b":{"0":[0],"1":[0],"2":[0],"3":[0],"4":[0]}}
,"C:\\Proyectos\\TESTS\\reviewMovies\\src\\services\\app.ts": {"path":"C:\\Proyectos\\TESTS\\reviewMovies\\src\\services\\app.ts","statementMap":{"0":{"start":{"line":1,"column":0},"end":{"line":1,"column":49}},"1":{"start":{"line":2,"column":0},"end":{"line":2,"column":47}},"2":{"start":{"line":3,"column":0},"end":{"line":3,"column":51}},"3":{"start":{"line":5,"column":25},"end":{"line":14,"column":2}},"4":{"start":{"line":8,"column":22},"end":{"line":14,"column":2}},"5":{"start":{"line":9,"column":17},"end":{"line":12,"column":4}},"6":{"start":{"line":13,"column":2},"end":{"line":13,"column":16}},"7":{"start":{"line":31,"column":9},"end":{"line":31,"column":25}},"8":{"start":{"line":16,"column":24},"end":{"line":21,"column":2}},"9":{"start":{"line":16,"column":61},"end":{"line":21,"column":2}},"10":{"start":{"line":17,"column":16},"end":{"line":17,"column":53}},"11":{"start":{"line":18,"column":2},"end":{"line":18,"column":53}},"12":{"start":{"line":18,"column":14},"end":{"line":18,"column":53}},"13":{"start":{"line":20,"column":2},"end":{"line":20,"column":15}},"14":{"start":{"line":31,"column":27},"end":{"line":31,"column":42}},"15":{"start":{"line":23,"column":27},"end":{"line":29,"column":2}},"16":{"start":{"line":26,"column":24},"end":{"line":29,"column":2}},"17":{"start":{"line":27,"column":19},"end":{"line":27,"column":68}},"18":{"start":{"line":28,"column":2},"end":{"line":28,"column":18}},"19":{"start":{"line":31,"column":44},"end":{"line":31,"column":62}}},"fnMap":{"0":{"name":"(anonymous_8)","decl":{"start":{"line":5,"column":25},"end":{"line":5,"column":null}},"loc":{"start":{"line":8,"column":22},"end":{"line":14,"column":2}}},"1":{"name":"(anonymous_9)","decl":{"start":{"line":8,"column":22},"end":{"line":8,"column":null}},"loc":{"start":{"line":8,"column":22},"end":{"line":14,"column":1}}},"2":{"name":"(anonymous_10)","decl":{"start":{"line":16,"column":24},"end":{"line":16,"column":31}},"loc":{"start":{"line":16,"column":61},"end":{"line":21,"column":2}}},"3":{"name":"(anonymous_11)","decl":{"start":{"line":16,"column":61},"end":{"line":16,"column":null}},"loc":{"start":{"line":16,"column":61},"end":{"line":21,"column":1}}},"4":{"name":"(anonymous_12)","decl":{"start":{"line":23,"column":27},"end":{"line":23,"column":null}},"loc":{"start":{"line":26,"column":24},"end":{"line":29,"column":2}}},"5":{"name":"(anonymous_13)","decl":{"start":{"line":26,"column":24},"end":{"line":26,"column":null}},"loc":{"start":{"line":26,"column":24},"end":{"line":29,"column":1}}}},"branchMap":{"0":{"loc":{"start":{"line":18,"column":2},"end":{"line":18,"column":53}},"type":"if","locations":[{"start":{"line":18,"column":2},"end":{"line":18,"column":53}}]}},"s":{"0":1,"1":1,"2":1,"3":1,"4":0,"5":0,"6":0,"7":1,"8":1,"9":0,"10":0,"11":0,"12":0,"13":0,"14":1,"15":1,"16":0,"17":0,"18":0,"19":1},"f":{"0":0,"1":0,"2":0,"3":0,"4":0,"5":0},"b":{"0":[0]}}
,"C:\\Proyectos\\TESTS\\reviewMovies\\src\\services\\auth.ts": {"path":"C:\\Proyectos\\TESTS\\reviewMovies\\src\\services\\auth.ts","statementMap":{"0":{"start":{"line":1,"column":0},"end":{"line":1,"column":35}},"1":{"start":{"line":2,"column":0},"end":{"line":2,"column":45}},"2":{"start":{"line":3,"column":0},"end":{"line":3,"column":58}},"3":{"start":{"line":4,"column":0},"end":{"line":4,"column":52}},"4":{"start":{"line":6,"column":21},"end":{"line":17,"column":null}},"5":{"start":{"line":6,"column":65},"end":{"line":17,"column":null}},"6":{"start":{"line":7,"column":18},"end":{"line":7,"column":51}},"7":{"start":{"line":8,"column":2},"end":{"line":8,"column":63}},"8":{"start":{"line":8,"column":16},"end":{"line":8,"column":63}},"9":{"start":{"line":10,"column":23},"end":{"line":10,"column":39}},"10":{"start":{"line":11,"column":20},"end":{"line":11,"column":64}},"11":{"start":{"line":13,"column":2},"end":{"line":13,"column":65}},"12":{"start":{"line":13,"column":18},"end":{"line":13,"column":65}},"13":{"start":{"line":15,"column":16},"end":{"line":15,"column":46}},"14":{"start":{"line":16,"column":2},"end":{"line":16,"column":15}},"15":{"start":{"line":37,"column":2},"end":{"line":37,"column":14}},"16":{"start":{"line":19,"column":24},"end":{"line":34,"column":null}},"17":{"start":{"line":19,"column":70},"end":{"line":34,"column":null}},"18":{"start":{"line":20,"column":2},"end":{"line":20,"column":72}},"19":{"start":{"line":20,"column":43},"end":{"line":20,"column":72}},"20":{"start":{"line":21,"column":2},"end":{"line":21,"column":83}},"21":{"start":{"line":21,"column":51},"end":{"line":21,"column":83}},"22":{"start":{"line":22,"column":2},"end":{"line":22,"column":90}},"23":{"start":{"line":22,"column":65},"end":{"line":22,"column":90}},"24":{"start":{"line":24,"column":19},"end":{"line":24,"column":53}},"25":{"start":{"line":25,"column":18},"end":{"line":29,"column":4}},"26":{"start":{"line":31,"column":2},"end":{"line":31,"column":null}},"27":{"start":{"line":31,"column":15},"end":{"line":31,"column":null}},"28":{"start":{"line":33,"column":2},"end":{"line":33,"column":17}},"29":{"start":{"line":38,"column":2},"end":{"line":38,"column":17}}},"fnMap":{"0":{"name":"(anonymous_8)","decl":{"start":{"line":6,"column":21},"end":{"line":6,"column":28}},"loc":{"start":{"line":6,"column":65},"end":{"line":17,"column":null}}},"1":{"name":"(anonymous_9)","decl":{"start":{"line":6,"column":65},"end":{"line":6,"column":null}},"loc":{"start":{"line":6,"column":65},"end":{"line":17,"column":1}}},"2":{"name":"(anonymous_10)","decl":{"start":{"line":19,"column":24},"end":{"line":19,"column":31}},"loc":{"start":{"line":19,"column":70},"end":{"line":34,"column":null}}},"3":{"name":"(anonymous_11)","decl":{"start":{"line":19,"column":70},"end":{"line":19,"column":null}},"loc":{"start":{"line":19,"column":70},"end":{"line":34,"column":1}}}},"branchMap":{"0":{"loc":{"start":{"line":8,"column":2},"end":{"line":8,"column":63}},"type":"if","locations":[{"start":{"line":8,"column":2},"end":{"line":8,"column":63}}]},"1":{"loc":{"start":{"line":11,"column":35},"end":{"line":11,"column":49}},"type":"cond-expr","locations":[{"start":{"line":11,"column":35},"end":{"line":11,"column":43}},{"start":{"line":11,"column":47},"end":{"line":11,"column":49}}]},"2":{"loc":{"start":{"line":11,"column":35},"end":{"line":11,"column":47}},"type":"binary-expr","locations":[{"start":{"line":11,"column":35},"end":{"line":11,"column":47}},{"start":{"line":11,"column":35},"end":{"line":11,"column":47}}]},"3":{"loc":{"start":{"line":13,"column":2},"end":{"line":13,"column":65}},"type":"if","locations":[{"start":{"line":13,"column":2},"end":{"line":13,"column":65}}]},"4":{"loc":{"start":{"line":20,"column":2},"end":{"line":20,"column":72}},"type":"if","locations":[{"start":{"line":20,"column":2},"end":{"line":20,"column":72}}]},"5":{"loc":{"start":{"line":20,"column":5},"end":{"line":20,"column":41}},"type":"binary-expr","locations":[{"start":{"line":20,"column":5},"end":{"line":20,"column":22}},{"start":{"line":20,"column":26},"end":{"line":20,"column":41}}]},"6":{"loc":{"start":{"line":21,"column":2},"end":{"line":21,"column":83}},"type":"if","locations":[{"start":{"line":21,"column":2},"end":{"line":21,"column":83}}]},"7":{"loc":{"start":{"line":21,"column":5},"end":{"line":21,"column":49}},"type":"binary-expr","locations":[{"start":{"line":21,"column":5},"end":{"line":21,"column":26}},{"start":{"line":21,"column":30},"end":{"line":21,"column":49}}]},"8":{"loc":{"start":{"line":22,"column":2},"end":{"line":22,"column":90}},"type":"if","locations":[{"start":{"line":22,"column":2},"end":{"line":22,"column":90}}]},"9":{"loc":{"start":{"line":22,"column":5},"end":{"line":22,"column":63}},"type":"binary-expr","locations":[{"start":{"line":22,"column":5},"end":{"line":22,"column":21}},{"start":{"line":22,"column":25},"end":{"line":22,"column":63}}]},"10":{"loc":{"start":{"line":24,"column":33},"end":{"line":24,"column":52}},"type":"cond-expr","locations":[{"start":{"line":24,"column":46},"end":{"line":24,"column":50}},{"start":{"line":24,"column":50},"end":{"line":24,"column":52}}]},"11":{"loc":{"start":{"line":24,"column":33},"end":{"line":24,"column":50}},"type":"binary-expr","locations":[{"start":{"line":24,"column":33},"end":{"line":24,"column":50}},{"start":{"line":24,"column":46},"end":{"line":24,"column":50}}]},"12":{"loc":{"start":{"line":31,"column":2},"end":{"line":31,"column":null}},"type":"if","locations":[{"start":{"line":31,"column":2},"end":{"line":31,"column":null}}]}},"s":{"0":1,"1":1,"2":1,"3":1,"4":1,"5":0,"6":0,"7":0,"8":0,"9":0,"10":0,"11":0,"12":0,"13":0,"14":0,"15":1,"16":1,"17":0,"18":0,"19":0,"20":0,"21":0,"22":0,"23":0,"24":0,"25":0,"26":0,"27":0,"28":0,"29":1},"f":{"0":0,"1":0,"2":0,"3":0},"b":{"0":[0],"1":[0,0],"2":[0,0],"3":[0],"4":[0],"5":[0,0],"6":[0],"7":[0,0],"8":[0],"9":[0,0],"10":[0,0],"11":[0,0],"12":[0]}}
,"C:\\Proyectos\\TESTS\\reviewMovies\\src\\services\\user.ts": {"path":"C:\\Proyectos\\TESTS\\reviewMovies\\src\\services\\user.ts","statementMap":{"0":{"start":{"line":1,"column":0},"end":{"line":1,"column":49}},"1":{"start":{"line":2,"column":0},"end":{"line":2,"column":47}},"2":{"start":{"line":3,"column":0},"end":{"line":3,"column":51}},"3":{"start":{"line":4,"column":0},"end":{"line":4,"column":29}},"4":{"start":{"line":5,"column":0},"end":{"line":5,"column":58}},"5":{"start":{"line":7,"column":26},"end":{"line":38,"column":2}},"6":{"start":{"line":7,"column":77},"end":{"line":38,"column":2}},"7":{"start":{"line":8,"column":2},"end":{"line":9,"column":36}},"8":{"start":{"line":9,"column":4},"end":{"line":9,"column":36}},"9":{"start":{"line":10,"column":2},"end":{"line":11,"column":38}},"10":{"start":{"line":11,"column":4},"end":{"line":11,"column":38}},"11":{"start":{"line":12,"column":2},"end":{"line":12,"column":80}},"12":{"start":{"line":12,"column":50},"end":{"line":12,"column":80}},"13":{"start":{"line":13,"column":2},"end":{"line":13,"column":77}},"14":{"start":{"line":13,"column":48},"end":{"line":13,"column":77}},"15":{"start":{"line":15,"column":21},"end":{"line":15,"column":68}},"16":{"start":{"line":16,"column":2},"end":{"line":16,"column":54}},"17":{"start":{"line":16,"column":19},"end":{"line":16,"column":54}},"18":{"start":{"line":18,"column":21},"end":{"line":23,"column":4}},"19":{"start":{"line":25,"column":2},"end":{"line":25,"column":61}},"20":{"start":{"line":25,"column":19},"end":{"line":25,"column":61}},"21":{"start":{"line":27,"column":32},"end":{"line":27,"column":81}},"22":{"start":{"line":29,"column":16},"end":{"line":34,"column":null}},"23":{"start":{"line":37,"column":2},"end":{"line":37,"column":20}},"24":{"start":{"line":56,"column":9},"end":{"line":56,"column":26}},"25":{"start":{"line":40,"column":31},"end":{"line":54,"column":2}},"26":{"start":{"line":40,"column":78},"end":{"line":54,"column":2}},"27":{"start":{"line":41,"column":2},"end":{"line":41,"column":77}},"28":{"start":{"line":41,"column":48},"end":{"line":41,"column":77}},"29":{"start":{"line":42,"column":2},"end":{"line":42,"column":72}},"30":{"start":{"line":42,"column":44},"end":{"line":42,"column":72}},"31":{"start":{"line":44,"column":19},"end":{"line":49,"column":4}},"32":{"start":{"line":51,"column":2},"end":{"line":51,"column":57}},"33":{"start":{"line":51,"column":17},"end":{"line":51,"column":57}},"34":{"start":{"line":53,"column":2},"end":{"line":53,"column":18}},"35":{"start":{"line":56,"column":28},"end":{"line":56,"column":50}}},"fnMap":{"0":{"name":"(anonymous_8)","decl":{"start":{"line":7,"column":26},"end":{"line":7,"column":33}},"loc":{"start":{"line":7,"column":77},"end":{"line":38,"column":2}}},"1":{"name":"(anonymous_9)","decl":{"start":{"line":7,"column":77},"end":{"line":7,"column":null}},"loc":{"start":{"line":7,"column":77},"end":{"line":38,"column":1}}},"2":{"name":"(anonymous_10)","decl":{"start":{"line":40,"column":31},"end":{"line":40,"column":38}},"loc":{"start":{"line":40,"column":78},"end":{"line":54,"column":2}}},"3":{"name":"(anonymous_11)","decl":{"start":{"line":40,"column":78},"end":{"line":40,"column":null}},"loc":{"start":{"line":40,"column":78},"end":{"line":54,"column":1}}}},"branchMap":{"0":{"loc":{"start":{"line":8,"column":2},"end":{"line":9,"column":36}},"type":"if","locations":[{"start":{"line":8,"column":2},"end":{"line":9,"column":36}}]},"1":{"loc":{"start":{"line":8,"column":6},"end":{"line":8,"column":47}},"type":"binary-expr","locations":[{"start":{"line":8,"column":6},"end":{"line":8,"column":26}},{"start":{"line":8,"column":30},"end":{"line":8,"column":47}}]},"2":{"loc":{"start":{"line":10,"column":2},"end":{"line":11,"column":38}},"type":"if","locations":[{"start":{"line":10,"column":2},"end":{"line":11,"column":38}}]},"3":{"loc":{"start":{"line":10,"column":6},"end":{"line":10,"column":70}},"type":"binary-expr","locations":[{"start":{"line":10,"column":6},"end":{"line":10,"column":32}},{"start":{"line":10,"column":36},"end":{"line":10,"column":70}}]},"4":{"loc":{"start":{"line":12,"column":2},"end":{"line":12,"column":80}},"type":"if","locations":[{"start":{"line":12,"column":2},"end":{"line":12,"column":80}}]},"5":{"loc":{"start":{"line":12,"column":6},"end":{"line":12,"column":48}},"type":"binary-expr","locations":[{"start":{"line":12,"column":6},"end":{"line":12,"column":26}},{"start":{"line":12,"column":30},"end":{"line":12,"column":48}}]},"6":{"loc":{"start":{"line":13,"column":2},"end":{"line":13,"column":77}},"type":"if","locations":[{"start":{"line":13,"column":2},"end":{"line":13,"column":77}}]},"7":{"loc":{"start":{"line":13,"column":6},"end":{"line":13,"column":46}},"type":"binary-expr","locations":[{"start":{"line":13,"column":6},"end":{"line":13,"column":25}},{"start":{"line":13,"column":29},"end":{"line":13,"column":46}}]},"8":{"loc":{"start":{"line":16,"column":2},"end":{"line":16,"column":54}},"type":"if","locations":[{"start":{"line":16,"column":2},"end":{"line":16,"column":54}}]},"9":{"loc":{"start":{"line":25,"column":2},"end":{"line":25,"column":61}},"type":"if","locations":[{"start":{"line":25,"column":2},"end":{"line":25,"column":61}}]},"10":{"loc":{"start":{"line":41,"column":2},"end":{"line":41,"column":77}},"type":"if","locations":[{"start":{"line":41,"column":2},"end":{"line":41,"column":77}}]},"11":{"loc":{"start":{"line":41,"column":6},"end":{"line":41,"column":46}},"type":"binary-expr","locations":[{"start":{"line":41,"column":6},"end":{"line":41,"column":25}},{"start":{"line":41,"column":29},"end":{"line":41,"column":46}}]},"12":{"loc":{"start":{"line":42,"column":2},"end":{"line":42,"column":72}},"type":"if","locations":[{"start":{"line":42,"column":2},"end":{"line":42,"column":72}}]},"13":{"loc":{"start":{"line":42,"column":6},"end":{"line":42,"column":42}},"type":"binary-expr","locations":[{"start":{"line":42,"column":6},"end":{"line":42,"column":23}},{"start":{"line":42,"column":27},"end":{"line":42,"column":42}}]},"14":{"loc":{"start":{"line":51,"column":2},"end":{"line":51,"column":57}},"type":"if","locations":[{"start":{"line":51,"column":2},"end":{"line":51,"column":57}}]}},"s":{"0":1,"1":1,"2":1,"3":1,"4":1,"5":1,"6":0,"7":0,"8":0,"9":0,"10":0,"11":0,"12":0,"13":0,"14":0,"15":0,"16":0,"17":0,"18":0,"19":0,"20":0,"21":0,"22":0,"23":0,"24":1,"25":1,"26":0,"27":0,"28":0,"29":0,"30":0,"31":0,"32":0,"33":0,"34":0,"35":1},"f":{"0":0,"1":0,"2":0,"3":0},"b":{"0":[0],"1":[0,0],"2":[0],"3":[0,0],"4":[0],"5":[0,0],"6":[0],"7":[0,0],"8":[0],"9":[0],"10":[0],"11":[0,0],"12":[0],"13":[0,0],"14":[0]}}
,"C:\\Proyectos\\TESTS\\reviewMovies\\src\\utils\\bcypt.handle.ts": {"path":"C:\\Proyectos\\TESTS\\reviewMovies\\src\\utils\\bcypt.handle.ts","statementMap":{"0":{"start":{"line":1,"column":0},"end":{"line":1,"column":41}},"1":{"start":{"line":3,"column":16},"end":{"line":6,"column":2}},"2":{"start":{"line":3,"column":39},"end":{"line":6,"column":2}},"3":{"start":{"line":4,"column":23},"end":{"line":4,"column":42}},"4":{"start":{"line":5,"column":2},"end":{"line":5,"column":22}},"5":{"start":{"line":13,"column":9},"end":{"line":13,"column":16}},"6":{"start":{"line":8,"column":17},"end":{"line":11,"column":2}},"7":{"start":{"line":8,"column":58},"end":{"line":11,"column":2}},"8":{"start":{"line":9,"column":20},"end":{"line":9,"column":49}},"9":{"start":{"line":10,"column":2},"end":{"line":10,"column":19}},"10":{"start":{"line":13,"column":18},"end":{"line":13,"column":26}}},"fnMap":{"0":{"name":"(anonymous_7)","decl":{"start":{"line":3,"column":16},"end":{"line":3,"column":23}},"loc":{"start":{"line":3,"column":39},"end":{"line":6,"column":2}}},"1":{"name":"(anonymous_8)","decl":{"start":{"line":3,"column":39},"end":{"line":3,"column":null}},"loc":{"start":{"line":3,"column":39},"end":{"line":6,"column":1}}},"2":{"name":"(anonymous_9)","decl":{"start":{"line":8,"column":17},"end":{"line":8,"column":24}},"loc":{"start":{"line":8,"column":58},"end":{"line":11,"column":2}}},"3":{"name":"(anonymous_10)","decl":{"start":{"line":8,"column":58},"end":{"line":8,"column":null}},"loc":{"start":{"line":8,"column":58},"end":{"line":11,"column":1}}}},"branchMap":{},"s":{"0":1,"1":1,"2":0,"3":0,"4":0,"5":1,"6":1,"7":0,"8":0,"9":0,"10":1},"f":{"0":0,"1":0,"2":0,"3":0},"b":{}}
,"C:\\Proyectos\\TESTS\\reviewMovies\\src\\utils\\error.handle.ts": {"path":"C:\\Proyectos\\TESTS\\reviewMovies\\src\\utils\\error.handle.ts","statementMap":{"0":{"start":{"line":4,"column":20},"end":{"line":12,"column":1}},"1":{"start":{"line":5,"column":2},"end":{"line":5,"column":32}},"2":{"start":{"line":6,"column":35},"end":{"line":10,"column":null}},"3":{"start":{"line":11,"column":2},"end":{"line":11,"column":21}},"4":{"start":{"line":14,"column":9},"end":{"line":14,"column":20}}},"fnMap":{"0":{"name":"(anonymous_0)","decl":{"start":{"line":4,"column":20},"end":{"line":4,"column":21}},"loc":{"start":{"line":4,"column":69},"end":{"line":12,"column":1}}}},"branchMap":{},"s":{"0":1,"1":0,"2":0,"3":0,"4":1},"f":{"0":0},"b":{}}
,"C:\\Proyectos\\TESTS\\reviewMovies\\src\\utils\\global.ts": {"path":"C:\\Proyectos\\TESTS\\reviewMovies\\src\\utils\\global.ts","statementMap":{"0":{"start":{"line":1,"column":0},"end":{"line":1,"column":51}},"1":{"start":{"line":4,"column":39},"end":{"line":18,"column":null}},"2":{"start":{"line":4,"column":83},"end":{"line":18,"column":null}},"3":{"start":{"line":5,"column":18},"end":{"line":5,"column":19}},"4":{"start":{"line":6,"column":21},"end":{"line":6,"column":75}},"5":{"start":{"line":8,"column":4},"end":{"line":8,"column":57}},"6":{"start":{"line":8,"column":42},"end":{"line":8,"column":57}},"7":{"start":{"line":10,"column":18},"end":{"line":10,"column":33}},"8":{"start":{"line":11,"column":29},"end":{"line":13,"column":9}},"9":{"start":{"line":12,"column":8},"end":{"line":12,"column":50}},"10":{"start":{"line":15,"column":4},"end":{"line":15,"column":null}},"11":{"start":{"line":17,"column":4},"end":{"line":17,"column":null}},"12":{"start":{"line":4,"column":13},"end":{"line":4,"column":39}}},"fnMap":{"0":{"name":"(anonymous_8)","decl":{"start":{"line":4,"column":39},"end":{"line":4,"column":46}},"loc":{"start":{"line":4,"column":83},"end":{"line":18,"column":null}}},"1":{"name":"(anonymous_9)","decl":{"start":{"line":4,"column":83},"end":{"line":4,"column":null}},"loc":{"start":{"line":4,"column":83},"end":{"line":18,"column":1}}},"2":{"name":"(anonymous_10)","decl":{"start":{"line":11,"column":45},"end":{"line":11,"column":46}},"loc":{"start":{"line":11,"column":69},"end":{"line":13,"column":5}}}},"branchMap":{"0":{"loc":{"start":{"line":8,"column":4},"end":{"line":8,"column":57}},"type":"if","locations":[{"start":{"line":8,"column":4},"end":{"line":8,"column":57}}]},"1":{"loc":{"start":{"line":8,"column":7},"end":{"line":8,"column":40}},"type":"binary-expr","locations":[{"start":{"line":8,"column":7},"end":{"line":8,"column":16}},{"start":{"line":8,"column":20},"end":{"line":8,"column":40}}]}},"s":{"0":1,"1":1,"2":0,"3":0,"4":0,"5":0,"6":0,"7":0,"8":0,"9":0,"10":0,"11":0,"12":1},"f":{"0":0,"1":0,"2":0},"b":{"0":[0],"1":[0,0]}}
,"C:\\Proyectos\\TESTS\\reviewMovies\\src\\utils\\jwt.handle.ts": {"path":"C:\\Proyectos\\TESTS\\reviewMovies\\src\\utils\\jwt.handle.ts","statementMap":{"0":{"start":{"line":1,"column":0},"end":{"line":1,"column":44}},"1":{"start":{"line":2,"column":19},"end":{"line":2,"column":61}},"2":{"start":{"line":4,"column":22},"end":{"line":9,"column":1}},"3":{"start":{"line":5,"column":14},"end":{"line":7,"column":4}},"4":{"start":{"line":8,"column":2},"end":{"line":8,"column":13}},"5":{"start":{"line":16,"column":9},"end":{"line":16,"column":22}},"6":{"start":{"line":11,"column":20},"end":{"line":14,"column":1}},"7":{"start":{"line":12,"column":15},"end":{"line":12,"column":38}},"8":{"start":{"line":13,"column":2},"end":{"line":13,"column":14}},"9":{"start":{"line":16,"column":24},"end":{"line":16,"column":35}}},"fnMap":{"0":{"name":"(anonymous_0)","decl":{"start":{"line":4,"column":22},"end":{"line":4,"column":23}},"loc":{"start":{"line":4,"column":41},"end":{"line":9,"column":1}}},"1":{"name":"(anonymous_1)","decl":{"start":{"line":11,"column":20},"end":{"line":11,"column":21}},"loc":{"start":{"line":11,"column":36},"end":{"line":14,"column":1}}}},"branchMap":{"0":{"loc":{"start":{"line":2,"column":19},"end":{"line":2,"column":61}},"type":"binary-expr","locations":[{"start":{"line":2,"column":19},"end":{"line":2,"column":41}},{"start":{"line":2,"column":45},"end":{"line":2,"column":61}}]}},"s":{"0":1,"1":1,"2":1,"3":0,"4":0,"5":1,"6":1,"7":0,"8":0,"9":1},"f":{"0":0,"1":0},"b":{"0":[1,0]}}
}
